<?xml version="1.0" encoding="UTF-8"?>
<!-- Generated by org.testng.reporters.JUnitReportReporter -->
<testsuite hostname="LAPTOP-4V1GS4F9" failures="0" tests="1" name="jenkins.Test2" time="0.005" errors="0" timestamp="2022-06-15T12:11:23 IST" skipped="0">
  <testcase classname="jenkins.Test2" name="second" time="0.005"/>
  <system-out>
    <![CDATA[hello python]]>
  </system-out>
</testsuite> <!-- jenkins.Test2 -->
